
error_l =

 Columns 1 through 11:

   0.565000   0.565000   0.565000   0.565000   0.060000   0.050000   0.050000   0.050000   0.040000   0.035000   0.035000
   0.565000   0.565000   0.565000   0.565000   0.060000   0.050000   0.050000   0.050000   0.040000   0.035000   0.035000
   0.565000   0.565000   0.565000   0.565000   0.060000   0.050000   0.050000   0.050000   0.040000   0.040000   0.035000
   0.565000   0.565000   0.565000   0.565000   0.060000   0.055000   0.050000   0.045000   0.040000   0.040000   0.040000
   0.565000   0.565000   0.565000   0.565000   0.060000   0.055000   0.050000   0.055000   0.050000   0.040000   0.040000
   0.565000   0.565000   0.565000   0.565000   0.060000   0.055000   0.050000   0.055000   0.055000   0.045000   0.045000
   0.565000   0.565000   0.565000   0.565000   0.060000   0.055000   0.055000   0.055000   0.055000   0.055000   0.045000
   0.565000   0.565000   0.565000   0.565000   0.065000   0.055000   0.055000   0.055000   0.055000   0.055000   0.040000
   0.565000   0.565000   0.565000   0.565000   0.065000   0.060000   0.055000   0.055000   0.055000   0.055000   0.040000
   0.565000   0.565000   0.565000   0.565000   0.065000   0.065000   0.055000   0.055000   0.055000   0.055000   0.040000
   0.565000   0.565000   0.565000   0.565000   0.065000   0.065000   0.055000   0.055000   0.055000   0.055000   0.055000
   0.565000   0.565000   0.565000   0.565000   0.070000   0.065000   0.055000   0.055000   0.055000   0.055000   0.055000
   0.565000   0.565000   0.565000   0.565000   0.070000   0.065000   0.060000   0.055000   0.055000   0.055000   0.055000
   0.565000   0.565000   0.565000   0.565000   0.070000   0.065000   0.065000   0.055000   0.055000   0.055000   0.055000
   0.565000   0.565000   0.565000   0.565000   0.070000   0.065000   0.065000   0.055000   0.055000   0.050000   0.050000
   0.565000   0.565000   0.565000   0.565000   0.070000   0.065000   0.065000   0.055000   0.055000   0.050000   0.050000
   0.565000   0.565000   0.565000   0.565000   0.070000   0.065000   0.065000   0.055000   0.055000   0.050000   0.045000
   0.565000   0.565000   0.565000   0.565000   0.070000   0.065000   0.065000   0.055000   0.055000   0.050000   0.045000
   0.565000   0.565000   0.565000   0.565000   0.075000   0.065000   0.065000   0.060000   0.055000   0.055000   0.045000
   0.565000   0.565000   0.565000   0.565000   0.075000   0.070000   0.065000   0.065000   0.055000   0.055000   0.050000
   0.565000   0.565000   0.565000   0.565000   0.075000   0.070000   0.065000   0.065000   0.055000   0.060000   0.050000
   0.565000   0.565000   0.565000   0.565000   0.075000   0.070000   0.065000   0.065000   0.055000   0.060000   0.050000
   0.565000   0.565000   0.565000   0.565000   0.080000   0.070000   0.065000   0.065000   0.055000   0.060000   0.055000
   0.565000   0.565000   0.565000   0.565000   0.080000   0.065000   0.060000   0.065000   0.055000   0.055000   0.055000
   0.565000   0.565000   0.565000   0.565000   0.080000   0.065000   0.060000   0.065000   0.055000   0.055000   0.055000
   0.565000   0.565000   0.565000   0.565000   0.075000   0.065000   0.060000   0.060000   0.060000   0.055000   0.060000
   0.565000   0.565000   0.565000   0.565000   0.075000   0.070000   0.060000   0.060000   0.060000   0.055000   0.055000
   0.565000   0.565000   0.565000   0.565000   0.075000   0.070000   0.060000   0.060000   0.060000   0.055000   0.055000
   0.565000   0.565000   0.565000   0.565000   0.080000   0.070000   0.060000   0.060000   0.060000   0.055000   0.055000
   0.565000   0.565000   0.565000   0.565000   0.080000   0.070000   0.065000   0.060000   0.060000   0.055000   0.055000
   0.565000   0.565000   0.565000   0.565000   0.080000   0.070000   0.065000   0.060000   0.060000   0.055000   0.055000
   0.565000   0.565000   0.565000   0.565000   0.080000   0.070000   0.065000   0.060000   0.060000   0.055000   0.055000
   0.565000   0.565000   0.565000   0.565000   0.080000   0.070000   0.065000   0.060000   0.060000   0.055000   0.055000
   0.565000   0.565000   0.565000   0.565000   0.080000   0.080000   0.065000   0.060000   0.060000   0.055000   0.055000
   0.565000   0.565000   0.565000   0.565000   0.080000   0.080000   0.065000   0.060000   0.060000   0.055000   0.055000
   0.565000   0.565000   0.565000   0.565000   0.080000   0.080000   0.065000   0.060000   0.060000   0.060000   0.055000
   0.565000   0.565000   0.565000   0.565000   0.080000   0.080000   0.070000   0.060000   0.060000   0.060000   0.055000
   0.565000   0.565000   0.565000   0.565000   0.080000   0.080000   0.075000   0.060000   0.060000   0.060000   0.055000
   0.565000   0.565000   0.565000   0.565000   0.080000   0.080000   0.075000   0.060000   0.060000   0.065000   0.055000
   0.565000   0.565000   0.565000   0.565000   0.080000   0.080000   0.075000   0.060000   0.060000   0.065000   0.055000
   0.565000   0.565000   0.565000   0.565000   0.080000   0.080000   0.075000   0.060000   0.060000   0.060000   0.055000
   0.565000   0.565000   0.565000   0.565000   0.080000   0.080000   0.075000   0.065000   0.060000   0.060000   0.055000
   0.565000   0.565000   0.565000   0.565000   0.080000   0.080000   0.075000   0.065000   0.060000   0.060000   0.055000
   0.565000   0.565000   0.565000   0.565000   0.080000   0.080000   0.075000   0.065000   0.060000   0.060000   0.055000
   0.565000   0.565000   0.565000   0.565000   0.080000   0.080000   0.075000   0.065000   0.060000   0.060000   0.055000
   0.565000   0.565000   0.565000   0.565000   0.080000   0.080000   0.075000   0.070000   0.060000   0.060000   0.055000
   0.565000   0.565000   0.565000   0.565000   0.080000   0.080000   0.075000   0.070000   0.060000   0.060000   0.055000
   0.565000   0.565000   0.565000   0.565000   0.080000   0.080000   0.075000   0.070000   0.060000   0.060000   0.060000
   0.565000   0.565000   0.565000   0.565000   0.080000   0.080000   0.075000   0.070000   0.060000   0.060000   0.060000
   0.565000   0.565000   0.565000   0.565000   0.080000   0.080000   0.075000   0.070000   0.060000   0.060000   0.060000
   0.565000   0.565000   0.565000   0.565000   0.080000   0.080000   0.080000   0.075000   0.075000   0.070000   0.060000
   0.565000   0.565000   0.565000   0.565000   0.080000   0.080000   0.080000   0.080000   0.080000   0.075000   0.080000

 Columns 12 through 22:

   0.035000   0.035000   0.035000   0.035000   0.035000   0.035000   0.045000   0.045000   0.045000   0.045000   0.045000
   0.030000   0.030000   0.035000   0.035000   0.035000   0.035000   0.035000   0.040000   0.040000   0.040000   0.040000
   0.035000   0.035000   0.035000   0.030000   0.030000   0.030000   0.035000   0.035000   0.035000   0.040000   0.045000
   0.035000   0.035000   0.030000   0.030000   0.030000   0.035000   0.035000   0.040000   0.040000   0.040000   0.040000
   0.040000   0.040000   0.035000   0.035000   0.030000   0.030000   0.035000   0.040000   0.040000   0.040000   0.045000
   0.040000   0.040000   0.040000   0.035000   0.035000   0.035000   0.030000   0.030000   0.035000   0.040000   0.045000
   0.040000   0.035000   0.035000   0.035000   0.030000   0.035000   0.030000   0.030000   0.030000   0.035000   0.040000
   0.040000   0.040000   0.035000   0.035000   0.035000   0.030000   0.030000   0.030000   0.030000   0.030000   0.035000
   0.040000   0.040000   0.040000   0.035000   0.035000   0.035000   0.030000   0.035000   0.035000   0.030000   0.030000
   0.040000   0.035000   0.035000   0.035000   0.035000   0.035000   0.035000   0.030000   0.035000   0.035000   0.035000
   0.040000   0.035000   0.035000   0.035000   0.035000   0.035000   0.035000   0.035000   0.040000   0.035000   0.035000
   0.040000   0.035000   0.035000   0.035000   0.035000   0.035000   0.035000   0.035000   0.040000   0.040000   0.035000
   0.040000   0.040000   0.035000   0.035000   0.035000   0.035000   0.035000   0.035000   0.035000   0.040000   0.040000
   0.040000   0.040000   0.035000   0.035000   0.035000   0.035000   0.040000   0.035000   0.035000   0.035000   0.040000
   0.040000   0.040000   0.035000   0.035000   0.035000   0.035000   0.040000   0.040000   0.040000   0.040000   0.030000
   0.050000   0.040000   0.040000   0.035000   0.035000   0.035000   0.045000   0.045000   0.040000   0.045000   0.035000
   0.050000   0.040000   0.040000   0.035000   0.035000   0.035000   0.040000   0.045000   0.040000   0.040000   0.040000
   0.050000   0.045000   0.040000   0.035000   0.035000   0.035000   0.035000   0.045000   0.045000   0.040000   0.035000
   0.050000   0.045000   0.040000   0.040000   0.035000   0.035000   0.035000   0.045000   0.045000   0.045000   0.035000
   0.050000   0.050000   0.045000   0.040000   0.035000   0.035000   0.035000   0.040000   0.045000   0.045000   0.035000
   0.050000   0.050000   0.045000   0.040000   0.035000   0.035000   0.035000   0.040000   0.045000   0.045000   0.040000
   0.050000   0.055000   0.045000   0.045000   0.035000   0.035000   0.035000   0.040000   0.045000   0.045000   0.040000
   0.050000   0.055000   0.045000   0.045000   0.040000   0.035000   0.035000   0.040000   0.040000   0.045000   0.040000
   0.050000   0.050000   0.050000   0.045000   0.040000   0.035000   0.035000   0.040000   0.040000   0.045000   0.040000
   0.050000   0.050000   0.055000   0.045000   0.045000   0.035000   0.035000   0.040000   0.040000   0.045000   0.040000
   0.055000   0.050000   0.055000   0.050000   0.045000   0.035000   0.035000   0.040000   0.040000   0.045000   0.040000
   0.055000   0.050000   0.055000   0.055000   0.040000   0.040000   0.035000   0.035000   0.040000   0.040000   0.045000
   0.055000   0.050000   0.050000   0.055000   0.045000   0.040000   0.035000   0.035000   0.040000   0.045000   0.050000
   0.055000   0.055000   0.050000   0.050000   0.045000   0.040000   0.035000   0.035000   0.045000   0.045000   0.050000
   0.055000   0.055000   0.050000   0.050000   0.045000   0.045000   0.035000   0.035000   0.045000   0.045000   0.045000
   0.050000   0.055000   0.050000   0.050000   0.050000   0.045000   0.045000   0.040000   0.045000   0.045000   0.045000
   0.050000   0.055000   0.050000   0.050000   0.050000   0.045000   0.045000   0.045000   0.045000   0.045000   0.045000
   0.050000   0.055000   0.055000   0.050000   0.050000   0.045000   0.045000   0.045000   0.050000   0.045000   0.045000
   0.055000   0.055000   0.055000   0.050000   0.050000   0.045000   0.045000   0.050000   0.050000   0.045000   0.045000
   0.055000   0.050000   0.055000   0.050000   0.050000   0.045000   0.045000   0.050000   0.050000   0.050000   0.045000
   0.055000   0.050000   0.055000   0.050000   0.050000   0.045000   0.045000   0.050000   0.045000   0.050000   0.045000
   0.055000   0.050000   0.055000   0.050000   0.050000   0.050000   0.045000   0.050000   0.045000   0.050000   0.045000
   0.055000   0.050000   0.055000   0.050000   0.050000   0.050000   0.045000   0.050000   0.050000   0.050000   0.050000
   0.055000   0.055000   0.055000   0.050000   0.050000   0.050000   0.045000   0.050000   0.050000   0.050000   0.050000
   0.055000   0.055000   0.050000   0.050000   0.050000   0.050000   0.045000   0.050000   0.050000   0.050000   0.050000
   0.055000   0.055000   0.050000   0.050000   0.050000   0.050000   0.050000   0.050000   0.050000   0.050000   0.050000
   0.055000   0.055000   0.050000   0.050000   0.050000   0.050000   0.050000   0.050000   0.050000   0.050000   0.050000
   0.055000   0.055000   0.050000   0.050000   0.050000   0.050000   0.050000   0.050000   0.050000   0.050000   0.050000
   0.055000   0.055000   0.055000   0.050000   0.050000   0.050000   0.055000   0.050000   0.050000   0.050000   0.050000
   0.055000   0.055000   0.055000   0.055000   0.050000   0.050000   0.055000   0.050000   0.050000   0.060000   0.050000
   0.055000   0.055000   0.055000   0.055000   0.050000   0.050000   0.055000   0.050000   0.050000   0.060000   0.050000
   0.055000   0.055000   0.055000   0.055000   0.050000   0.050000   0.055000   0.050000   0.050000   0.055000   0.050000
   0.055000   0.055000   0.055000   0.055000   0.050000   0.050000   0.055000   0.050000   0.050000   0.055000   0.050000
   0.055000   0.055000   0.055000   0.055000   0.050000   0.050000   0.055000   0.050000   0.050000   0.055000   0.050000
   0.055000   0.055000   0.055000   0.055000   0.055000   0.050000   0.055000   0.050000   0.050000   0.055000   0.055000
   0.060000   0.060000   0.055000   0.055000   0.055000   0.055000   0.065000   0.070000   0.065000   0.055000   0.050000
   0.075000   0.070000   0.060000   0.065000   0.065000   0.065000   0.060000   0.060000   0.060000   0.055000   0.050000

 Columns 23 through 33:

   0.045000   0.045000   0.045000   0.050000   0.050000   0.050000   0.050000   0.050000   0.050000   0.055000   0.060000
   0.040000   0.040000   0.040000   0.040000   0.045000   0.045000   0.045000   0.045000   0.045000   0.045000   0.045000
   0.045000   0.045000   0.045000   0.045000   0.045000   0.045000   0.045000   0.045000   0.045000   0.040000   0.040000
   0.035000   0.035000   0.040000   0.040000   0.035000   0.040000   0.040000   0.040000   0.040000   0.040000   0.040000
   0.040000   0.035000   0.035000   0.040000   0.040000   0.040000   0.035000   0.035000   0.035000   0.035000   0.035000
   0.050000   0.040000   0.040000   0.040000   0.035000   0.040000   0.040000   0.040000   0.040000   0.040000   0.040000
   0.040000   0.035000   0.040000   0.035000   0.040000   0.040000   0.040000   0.040000   0.040000   0.040000   0.040000
   0.040000   0.040000   0.035000   0.035000   0.035000   0.035000   0.040000   0.040000   0.040000   0.040000   0.040000
   0.030000   0.035000   0.035000   0.035000   0.035000   0.035000   0.030000   0.030000   0.040000   0.040000   0.040000
   0.030000   0.030000   0.030000   0.035000   0.035000   0.035000   0.035000   0.035000   0.030000   0.035000   0.035000
   0.035000   0.035000   0.030000   0.030000   0.035000   0.035000   0.035000   0.035000   0.035000   0.035000   0.040000
   0.035000   0.035000   0.040000   0.040000   0.040000   0.040000   0.040000   0.040000   0.040000   0.035000   0.040000
   0.035000   0.035000   0.040000   0.045000   0.045000   0.045000   0.040000   0.040000   0.040000   0.040000   0.045000
   0.035000   0.035000   0.035000   0.045000   0.045000   0.045000   0.045000   0.045000   0.040000   0.040000   0.040000
   0.035000   0.035000   0.035000   0.040000   0.045000   0.045000   0.045000   0.045000   0.045000   0.045000   0.045000
   0.035000   0.035000   0.035000   0.040000   0.040000   0.045000   0.045000   0.045000   0.045000   0.045000   0.045000
   0.035000   0.040000   0.035000   0.040000   0.040000   0.040000   0.045000   0.045000   0.045000   0.045000   0.045000
   0.040000   0.040000   0.045000   0.045000   0.045000   0.040000   0.045000   0.045000   0.045000   0.045000   0.045000
   0.035000   0.040000   0.040000   0.045000   0.045000   0.045000   0.045000   0.045000   0.045000   0.045000   0.045000
   0.035000   0.040000   0.040000   0.050000   0.045000   0.045000   0.045000   0.045000   0.045000   0.045000   0.045000
   0.035000   0.040000   0.040000   0.045000   0.045000   0.045000   0.045000   0.045000   0.045000   0.050000   0.045000
   0.035000   0.040000   0.040000   0.045000   0.045000   0.045000   0.045000   0.045000   0.045000   0.045000   0.050000
   0.040000   0.040000   0.040000   0.045000   0.045000   0.040000   0.040000   0.045000   0.045000   0.045000   0.045000
   0.040000   0.040000   0.040000   0.045000   0.045000   0.040000   0.040000   0.045000   0.045000   0.045000   0.045000
   0.040000   0.040000   0.040000   0.045000   0.045000   0.040000   0.045000   0.040000   0.045000   0.045000   0.045000
   0.040000   0.045000   0.040000   0.045000   0.045000   0.045000   0.045000   0.045000   0.040000   0.045000   0.045000
   0.040000   0.045000   0.040000   0.045000   0.045000   0.045000   0.040000   0.045000   0.040000   0.045000   0.045000
   0.040000   0.040000   0.045000   0.045000   0.045000   0.045000   0.040000   0.045000   0.040000   0.040000   0.045000
   0.045000   0.040000   0.045000   0.045000   0.045000   0.045000   0.040000   0.045000   0.045000   0.040000   0.045000
   0.045000   0.040000   0.045000   0.045000   0.045000   0.045000   0.040000   0.045000   0.045000   0.040000   0.040000
   0.045000   0.040000   0.045000   0.045000   0.045000   0.045000   0.040000   0.045000   0.045000   0.045000   0.040000
   0.045000   0.045000   0.045000   0.045000   0.045000   0.045000   0.045000   0.045000   0.045000   0.045000   0.040000
   0.045000   0.045000   0.045000   0.045000   0.045000   0.045000   0.045000   0.045000   0.045000   0.045000   0.040000
   0.040000   0.045000   0.045000   0.045000   0.045000   0.045000   0.045000   0.045000   0.045000   0.045000   0.040000
   0.040000   0.045000   0.045000   0.045000   0.045000   0.045000   0.045000   0.045000   0.045000   0.045000   0.045000
   0.040000   0.045000   0.045000   0.045000   0.045000   0.045000   0.045000   0.040000   0.045000   0.045000   0.045000
   0.040000   0.045000   0.040000   0.045000   0.045000   0.045000   0.045000   0.045000   0.045000   0.045000   0.045000
   0.040000   0.045000   0.045000   0.045000   0.045000   0.045000   0.045000   0.045000   0.040000   0.045000   0.045000
   0.040000   0.045000   0.045000   0.045000   0.045000   0.045000   0.045000   0.045000   0.045000   0.045000   0.040000
   0.040000   0.045000   0.045000   0.045000   0.045000   0.045000   0.045000   0.045000   0.045000   0.045000   0.040000
   0.040000   0.045000   0.045000   0.045000   0.045000   0.045000   0.045000   0.045000   0.040000   0.045000   0.045000
   0.045000   0.045000   0.045000   0.045000   0.045000   0.045000   0.045000   0.045000   0.040000   0.045000   0.045000
   0.045000   0.040000   0.045000   0.045000   0.045000   0.045000   0.045000   0.045000   0.045000   0.040000   0.045000
   0.045000   0.040000   0.045000   0.045000   0.045000   0.045000   0.045000   0.045000   0.045000   0.040000   0.045000
   0.045000   0.040000   0.045000   0.045000   0.045000   0.045000   0.045000   0.045000   0.045000   0.045000   0.045000
   0.045000   0.040000   0.045000   0.045000   0.045000   0.045000   0.045000   0.045000   0.045000   0.040000   0.045000
   0.050000   0.040000   0.045000   0.045000   0.045000   0.045000   0.045000   0.045000   0.045000   0.040000   0.040000
   0.050000   0.040000   0.045000   0.045000   0.045000   0.045000   0.045000   0.045000   0.045000   0.040000   0.045000
   0.050000   0.040000   0.045000   0.045000   0.045000   0.045000   0.045000   0.045000   0.045000   0.045000   0.040000
   0.050000   0.045000   0.045000   0.045000   0.045000   0.045000   0.045000   0.045000   0.045000   0.045000   0.045000
   0.060000   0.065000   0.065000   0.055000   0.050000   0.045000   0.050000   0.050000   0.055000   0.055000   0.055000
   0.050000   0.055000   0.050000   0.060000   0.060000   0.060000   0.055000   0.055000   0.055000   0.060000   0.060000

 Columns 34 through 44:

   0.060000   0.060000   0.060000   0.060000   0.065000   0.065000   0.060000   0.080000   0.100000   0.115000   0.125000
   0.045000   0.045000   0.045000   0.045000   0.050000   0.050000   0.050000   0.070000   0.085000   0.095000   0.095000
   0.040000   0.040000   0.040000   0.050000   0.050000   0.040000   0.040000   0.060000   0.075000   0.085000   0.100000
   0.040000   0.040000   0.040000   0.040000   0.040000   0.040000   0.040000   0.065000   0.080000   0.070000   0.075000
   0.035000   0.035000   0.035000   0.035000   0.035000   0.035000   0.035000   0.060000   0.080000   0.075000   0.075000
   0.035000   0.035000   0.035000   0.035000   0.035000   0.040000   0.040000   0.065000   0.075000   0.080000   0.075000
   0.040000   0.040000   0.040000   0.040000   0.040000   0.040000   0.040000   0.065000   0.070000   0.080000   0.080000
   0.040000   0.040000   0.040000   0.040000   0.040000   0.040000   0.040000   0.070000   0.090000   0.075000   0.070000
   0.040000   0.040000   0.040000   0.040000   0.040000   0.040000   0.040000   0.070000   0.090000   0.075000   0.075000
   0.040000   0.040000   0.040000   0.040000   0.040000   0.040000   0.045000   0.070000   0.085000   0.085000   0.075000
   0.040000   0.040000   0.035000   0.035000   0.040000   0.040000   0.040000   0.065000   0.085000   0.080000   0.090000
   0.040000   0.040000   0.045000   0.040000   0.045000   0.045000   0.045000   0.070000   0.090000   0.090000   0.090000
   0.045000   0.045000   0.045000   0.045000   0.045000   0.045000   0.045000   0.070000   0.090000   0.090000   0.085000
   0.045000   0.045000   0.045000   0.045000   0.045000   0.050000   0.045000   0.070000   0.095000   0.095000   0.085000
   0.045000   0.045000   0.045000   0.045000   0.045000   0.045000   0.045000   0.075000   0.090000   0.095000   0.095000
   0.045000   0.045000   0.045000   0.045000   0.045000   0.045000   0.045000   0.070000   0.095000   0.090000   0.095000
   0.045000   0.045000   0.045000   0.045000   0.045000   0.045000   0.045000   0.075000   0.095000   0.095000   0.095000
   0.045000   0.040000   0.045000   0.045000   0.045000   0.045000   0.045000   0.070000   0.095000   0.095000   0.090000
   0.045000   0.045000   0.040000   0.045000   0.045000   0.045000   0.045000   0.075000   0.095000   0.095000   0.090000
   0.045000   0.045000   0.040000   0.040000   0.045000   0.045000   0.045000   0.075000   0.095000   0.095000   0.090000
   0.045000   0.045000   0.045000   0.040000   0.045000   0.045000   0.045000   0.070000   0.095000   0.100000   0.095000
   0.045000   0.045000   0.045000   0.045000   0.040000   0.045000   0.045000   0.075000   0.095000   0.095000   0.095000
   0.050000   0.045000   0.040000   0.045000   0.045000   0.045000   0.045000   0.075000   0.100000   0.095000   0.095000
   0.045000   0.045000   0.045000   0.040000   0.045000   0.045000   0.045000   0.075000   0.095000   0.095000   0.095000
   0.045000   0.045000   0.045000   0.045000   0.045000   0.045000   0.045000   0.075000   0.100000   0.095000   0.095000
   0.045000   0.045000   0.045000   0.045000   0.050000   0.045000   0.045000   0.080000   0.095000   0.100000   0.100000
   0.045000   0.045000   0.045000   0.045000   0.050000   0.045000   0.045000   0.075000   0.095000   0.095000   0.100000
   0.045000   0.045000   0.045000   0.045000   0.050000   0.050000   0.050000   0.075000   0.100000   0.095000   0.095000
   0.045000   0.045000   0.045000   0.045000   0.050000   0.050000   0.050000   0.075000   0.100000   0.100000   0.100000
   0.045000   0.045000   0.045000   0.045000   0.050000   0.050000   0.050000   0.080000   0.095000   0.095000   0.095000
   0.040000   0.040000   0.045000   0.045000   0.050000   0.050000   0.050000   0.080000   0.095000   0.100000   0.095000
   0.040000   0.040000   0.040000   0.045000   0.050000   0.050000   0.050000   0.080000   0.095000   0.100000   0.095000
   0.040000   0.040000   0.040000   0.045000   0.050000   0.055000   0.050000   0.080000   0.105000   0.100000   0.100000
   0.040000   0.045000   0.040000   0.040000   0.050000   0.055000   0.055000   0.080000   0.095000   0.100000   0.100000
   0.040000   0.045000   0.045000   0.045000   0.045000   0.055000   0.055000   0.075000   0.095000   0.100000   0.095000
   0.040000   0.040000   0.045000   0.045000   0.045000   0.055000   0.055000   0.075000   0.100000   0.105000   0.100000
   0.040000   0.040000   0.045000   0.045000   0.045000   0.055000   0.055000   0.080000   0.095000   0.105000   0.100000
   0.045000   0.040000   0.045000   0.045000   0.045000   0.050000   0.050000   0.080000   0.095000   0.100000   0.095000
   0.040000   0.040000   0.045000   0.045000   0.050000   0.050000   0.050000   0.075000   0.100000   0.105000   0.095000
   0.045000   0.040000   0.045000   0.045000   0.050000   0.050000   0.050000   0.075000   0.100000   0.100000   0.095000
   0.045000   0.040000   0.045000   0.045000   0.045000   0.050000   0.050000   0.075000   0.105000   0.105000   0.100000
   0.045000   0.040000   0.045000   0.045000   0.045000   0.050000   0.050000   0.075000   0.100000   0.105000   0.100000
   0.045000   0.040000   0.045000   0.045000   0.045000   0.050000   0.050000   0.075000   0.100000   0.100000   0.100000
   0.045000   0.040000   0.040000   0.045000   0.045000   0.050000   0.050000   0.075000   0.105000   0.110000   0.100000
   0.045000   0.040000   0.040000   0.045000   0.045000   0.050000   0.050000   0.075000   0.115000   0.100000   0.100000
   0.045000   0.040000   0.040000   0.045000   0.045000   0.050000   0.050000   0.075000   0.105000   0.100000   0.100000
   0.045000   0.040000   0.040000   0.045000   0.045000   0.050000   0.050000   0.075000   0.120000   0.100000   0.100000
   0.045000   0.045000   0.040000   0.045000   0.045000   0.050000   0.050000   0.075000   0.115000   0.105000   0.100000
   0.045000   0.045000   0.040000   0.040000   0.045000   0.050000   0.050000   0.075000   0.130000   0.100000   0.100000
   0.045000   0.045000   0.040000   0.045000   0.045000   0.045000   0.050000   0.075000   0.125000   0.105000   0.105000
   0.055000   0.055000   0.055000   0.055000   0.055000   0.055000   0.055000   0.070000   0.145000   0.150000   0.140000
   0.060000   0.060000   0.060000   0.060000   0.060000   0.060000   0.060000   0.060000   0.125000   0.225000   0.235000

 Columns 45 through 48:

   0.140000   0.155000   0.165000   0.170000
   0.100000   0.100000   0.115000   0.140000
   0.085000   0.100000   0.090000   0.095000
   0.085000   0.090000   0.090000   0.105000
   0.080000   0.080000   0.085000   0.105000
   0.075000   0.080000   0.080000   0.085000
   0.075000   0.075000   0.080000   0.080000
   0.075000   0.075000   0.075000   0.080000
   0.075000   0.085000   0.075000   0.080000
   0.080000   0.075000   0.075000   0.075000
   0.075000   0.080000   0.075000   0.075000
   0.075000   0.080000   0.080000   0.085000
   0.090000   0.080000   0.080000   0.075000
   0.085000   0.080000   0.080000   0.080000
   0.090000   0.085000   0.075000   0.075000
   0.095000   0.080000   0.075000   0.085000
   0.090000   0.080000   0.085000   0.090000
   0.085000   0.090000   0.095000   0.080000
   0.090000   0.085000   0.090000   0.080000
   0.080000   0.090000   0.075000   0.085000
   0.085000   0.090000   0.095000   0.075000
   0.090000   0.080000   0.095000   0.095000
   0.095000   0.080000   0.090000   0.095000
   0.095000   0.080000   0.080000   0.080000
   0.080000   0.080000   0.080000   0.095000
   0.095000   0.085000   0.080000   0.075000
   0.095000   0.075000   0.085000   0.095000
   0.095000   0.075000   0.075000   0.100000
   0.095000   0.095000   0.085000   0.100000
   0.100000   0.080000   0.085000   0.095000
   0.090000   0.085000   0.080000   0.075000
   0.100000   0.100000   0.090000   0.090000
   0.100000   0.080000   0.070000   0.080000
   0.090000   0.090000   0.085000   0.095000
   0.100000   0.090000   0.075000   0.080000
   0.090000   0.095000   0.095000   0.070000
   0.090000   0.080000   0.080000   0.080000
   0.100000   0.100000   0.080000   0.075000
   0.095000   0.095000   0.080000   0.070000
   0.100000   0.090000   0.080000   0.080000
   0.100000   0.085000   0.085000   0.080000
   0.100000   0.090000   0.085000   0.075000
   0.100000   0.095000   0.080000   0.085000
   0.100000   0.095000   0.080000   0.080000
   0.095000   0.085000   0.080000   0.085000
   0.100000   0.090000   0.090000   0.080000
   0.095000   0.080000   0.080000   0.080000
   0.090000   0.090000   0.095000   0.080000
   0.100000   0.095000   0.075000   0.080000
   0.100000   0.085000   0.090000   0.090000
   0.105000   0.090000   0.080000   0.095000
   0.160000   0.140000   0.090000   0.100000

C =  0.20000
sigma =  0.065000

Training ......................................................................
.............................................................................. Done!

Program paused. Press enter to continue.

real    560m59.008s
user    180m49.379s
sys     1m24.454s
wayne@workstation:mlclass-ex6$ vim result.log
